<?xml version="1.0" encoding="UTF-8"?>
<!-- Generated by org.testng.reporters.JUnitXMLReporter -->
<testsuite hostname="DESKTOP-HSLMIQI" ignored="0" name="Default test" tests="4" failures="0" timestamp="26 Apr 2020 00:17:42 GMT" time="44.658" errors="0">
  <testcase name="elementPresent" time="0.073" classname="demo.TextBox"/>
  <testcase name="isDisplayed" time="0.209" classname="demo.TextBox"/>
  <testcase name="isEnabled" time="0.154" classname="demo.TextBox"/>
  <testcase name="textPresent" time="0.243" classname="demo.TextBox"/>
</testsuite> <!-- Default test -->
