<?xml version="1.0" encoding="UTF-8"?>
<!-- Generated by org.testng.reporters.JUnitXMLReporter -->
<testsuite hostname="DESKTOP-HSLMIQI" ignored="1" name="Test Name" tests="9" failures="0" timestamp="08 Mar 2020 17:09:16 GMT" time="67.576" errors="0">
  <testcase name="highSchool" time="0.012" classname="firstPackage.DependenciesManagement"/>
  <testcase name="higherSecondary" time="0.001" classname="firstPackage.DependenciesManagement"/>
  <testcase name="enngineering" time="0.012" classname="firstPackage.DependenciesManagement"/>
  <testcase name="putFirstGear" time="0.02" classname="firstPackage.DriveACar"/>
  <testcase name="startTheCar" time="0.036" classname="firstPackage.DriveACar"/>
  <testcase name="startTheCar" time="0.008" classname="firstPackage.SkipTestCase"/>
  <testcase name="openBing" time="1.777" classname="firstPackage.SuiteExample"/>
  <testcase name="openGoogle" time="6.264" classname="firstPackage.SuiteExample"/>
  <testcase name="openYahoo" time="59.276" classname="firstPackage.SuiteExample"/>
  <testcase name="turnTheMusicON" time="0.0" classname="firstPackage.SkipTestCase">
    <ignored/>
  </testcase> <!-- turnTheMusicON -->
</testsuite> <!-- Test Name -->
