<?xml version="1.0" encoding="UTF-8"?>
<testng-results skipped="0" failed="0" ignored="0" total="4" passed="4">
  <reporter-output>
  </reporter-output>
  <suite name="Default suite" duration-ms="44658" started-at="2020-04-26T00:16:57Z" finished-at="2020-04-26T00:17:42Z">
    <groups>
    </groups>
    <test name="Default test" duration-ms="44658" started-at="2020-04-26T00:16:57Z" finished-at="2020-04-26T00:17:42Z">
      <class name="demo.TextBox">
        <test-method status="PASS" signature="login()[pri:0, instance:demo.TextBox@1b604f19]" name="login" is-config="true" duration-ms="11363" started-at="2020-04-26T00:16:57Z" finished-at="2020-04-26T00:17:09Z">
          <reporter-output>
          </reporter-output>
        </test-method> <!-- login -->
        <test-method status="PASS" signature="elementPresent()[pri:0, instance:demo.TextBox@1b604f19]" name="elementPresent" duration-ms="73" started-at="2020-04-26T00:17:09Z" finished-at="2020-04-26T00:17:09Z">
          <reporter-output>
          </reporter-output>
        </test-method> <!-- elementPresent -->
        <test-method status="PASS" signature="logOut()[pri:0, instance:demo.TextBox@1b604f19]" name="logOut" is-config="true" duration-ms="1484" started-at="2020-04-26T00:17:09Z" finished-at="2020-04-26T00:17:10Z">
          <reporter-output>
          </reporter-output>
        </test-method> <!-- logOut -->
        <test-method status="PASS" signature="login()[pri:0, instance:demo.TextBox@1b604f19]" name="login" is-config="true" duration-ms="9527" started-at="2020-04-26T00:17:10Z" finished-at="2020-04-26T00:17:20Z">
          <reporter-output>
          </reporter-output>
        </test-method> <!-- login -->
        <test-method status="PASS" signature="isDisplayed()[pri:0, instance:demo.TextBox@1b604f19]" name="isDisplayed" duration-ms="209" started-at="2020-04-26T00:17:20Z" finished-at="2020-04-26T00:17:20Z">
          <reporter-output>
          </reporter-output>
        </test-method> <!-- isDisplayed -->
        <test-method status="PASS" signature="logOut()[pri:0, instance:demo.TextBox@1b604f19]" name="logOut" is-config="true" duration-ms="2049" started-at="2020-04-26T00:17:20Z" finished-at="2020-04-26T00:17:22Z">
          <reporter-output>
          </reporter-output>
        </test-method> <!-- logOut -->
        <test-method status="PASS" signature="login()[pri:0, instance:demo.TextBox@1b604f19]" name="login" is-config="true" duration-ms="8272" started-at="2020-04-26T00:17:22Z" finished-at="2020-04-26T00:17:30Z">
          <reporter-output>
          </reporter-output>
        </test-method> <!-- login -->
        <test-method status="PASS" signature="isEnabled()[pri:0, instance:demo.TextBox@1b604f19]" name="isEnabled" duration-ms="154" started-at="2020-04-26T00:17:30Z" finished-at="2020-04-26T00:17:31Z">
          <reporter-output>
          </reporter-output>
        </test-method> <!-- isEnabled -->
        <test-method status="PASS" signature="logOut()[pri:0, instance:demo.TextBox@1b604f19]" name="logOut" is-config="true" duration-ms="1727" started-at="2020-04-26T00:17:31Z" finished-at="2020-04-26T00:17:32Z">
          <reporter-output>
          </reporter-output>
        </test-method> <!-- logOut -->
        <test-method status="PASS" signature="login()[pri:0, instance:demo.TextBox@1b604f19]" name="login" is-config="true" duration-ms="7776" started-at="2020-04-26T00:17:32Z" finished-at="2020-04-26T00:17:40Z">
          <reporter-output>
          </reporter-output>
        </test-method> <!-- login -->
        <test-method status="PASS" signature="textPresent()[pri:0, instance:demo.TextBox@1b604f19]" name="textPresent" duration-ms="243" started-at="2020-04-26T00:17:40Z" finished-at="2020-04-26T00:17:40Z">
          <reporter-output>
          </reporter-output>
        </test-method> <!-- textPresent -->
        <test-method status="PASS" signature="logOut()[pri:0, instance:demo.TextBox@1b604f19]" name="logOut" is-config="true" duration-ms="1674" started-at="2020-04-26T00:17:40Z" finished-at="2020-04-26T00:17:42Z">
          <reporter-output>
          </reporter-output>
        </test-method> <!-- logOut -->
      </class> <!-- demo.TextBox -->
    </test> <!-- Default test -->
  </suite> <!-- Default suite -->
</testng-results>
